  GUIWindowVideoNav.cpp
  AudioDecoder.cpp
  File.cpp
  DirectoryNode.cpp
  DirectoryNodeGrouped.cpp
  DirectoryNodeOverview.cpp
  DirectoryNodeRoot.cpp
  QueryParams.cpp
  DirectoryNode.cpp
  DirectoryNodeGrouped.cpp
  DirectoryNodeOverview.cpp
  DirectoryNodeRoot.cpp
  QueryParams.cpp
  GameSettings.cpp
  KeyboardTranslator.cpp
  KeyboardTranslator.cpp
  ContextMenus.cpp
  Network.cpp
  GameSettings.cpp
  SettingConditions.cpp
  Settings.cpp
H:\kodidsplayermaster\xbmc\settings\Settings.cpp(26,32): warning C4067: unexpected tokens following preprocessor directive - expected a newline
  (compiling source file 'xbmc/settings/Settings.cpp')
  
H:\kodidsplayermaster\xbmc\settings\Settings.cpp(634,32): warning C4067: unexpected tokens following preprocessor directive - expected a newline
  (compiling source file 'xbmc/settings/Settings.cpp')
  
H:\kodidsplayermaster\xbmc\settings\Settings.cpp(676,32): warning C4067: unexpected tokens following preprocessor directive - expected a newline
  (compiling source file 'xbmc/settings/Settings.cpp')
  
  SettingConditions.cpp
  ContextMenus.cpp
  Addon.cpp
  AudioDecoder.cpp
  ContextMenus.cpp
  General.cpp
  Filesystem.cpp
  Network.cpp
  General.cpp
  ListItem.cpp
  Window.cpp
  Progress.cpp
  Keyboard.cpp
  Progress.cpp
  ContextMenus.cpp
  Environment.cpp
  PlayList.cpp
  CharsetConverter.cpp
  ContextMenus.cpp
  CharsetConverter.cpp
  Environment.cpp
  Filesystem.cpp
  Addon.cpp
  CallbackHandler.cpp
  File.cpp
  Keyboard.cpp
  LanguageHook.cpp
  ListItem.cpp
  PlayList.cpp
  Settings.cpp
  Window.cpp
  CallbackHandler.cpp
  LanguageHook.cpp
  libkodi.vcxproj -> H:\kodidsplayermaster\Debug\libkodi.lib
